<?xml version="1.0" encoding="UTF-8"?>
<!-- Generated by org.testng.reporters.JUnitReportReporter -->
<testsuite hostname="LAPTOP-9MH248FJ" name="com.test.ClassAction" tests="2" failures="0" timestamp="5 Apr 2021 05:40:36 GMT" time="48.597" errors="0">
  <testcase name="Login" time="22.808" classname="com.test.ClassAction"/>
  <testcase name="details" time="25.789" classname="com.test.ClassAction"/>
</testsuite> <!-- com.test.ClassAction -->
