<?xml version="1.0" encoding="UTF-8"?>
<!-- Generated by org.testng.reporters.JUnitReportReporter -->
<testsuite hostname="LAPTOP-9MH248FJ" name="com.test.ClassAction" tests="2" failures="0" timestamp="5 Apr 2021 06:34:09 GMT" time="47.762" errors="0">
  <testcase name="Login" time="26.073" classname="com.test.ClassAction"/>
  <testcase name="details" time="21.689" classname="com.test.ClassAction"/>
</testsuite> <!-- com.test.ClassAction -->
